<?xml version="1.0" encoding="UTF-8"?>
<!-- Generated by org.testng.reporters.JUnitReportReporter -->
<testsuite skipped="0" hostname="DESKTOP-70R7QGD" name="NewPackage.Testcase" tests="1" failures="0" timestamp="27 Apr 2019 11:29:04 GMT" time="4.497" errors="0">
  <testcase name="Test1" time="4.497" classname="NewPackage.Testcase"/>
</testsuite> <!-- NewPackage.Testcase -->
