<?xml version="1.0" encoding="UTF-8"?>
<!-- Generated by org.testng.reporters.JUnitReportReporter -->
<testsuite skipped="0" hostname="DESKTOP-70R7QGD" name="NewPackage.Testcaseng" tests="1" failures="0" timestamp="18 May 2019 11:27:12 GMT" time="3.016" errors="0">
  <testcase name="Test1" time="3.016" classname="NewPackage.Testcaseng"/>
</testsuite> <!-- NewPackage.Testcaseng -->
